2013/10/07 23:52:04 [error] [exception.CHttpException.404] exception 'CHttpException' with message 'The system is unable to find the requested action "index".' in /home/romina/yii-1.1.14.f0fee9/framework/web/CController.php:483
Stack trace:
#0 /home/romina/yii-1.1.14.f0fee9/framework/web/CController.php(270): CController->missingAction('index')
#1 /home/romina/yii-1.1.14.f0fee9/framework/web/CWebApplication.php(282): CController->run('index')
#2 /home/romina/yii-1.1.14.f0fee9/framework/web/CWebApplication.php(141): CWebApplication->runController('rest/index')
#3 /home/romina/yii-1.1.14.f0fee9/framework/base/CApplication.php(180): CWebApplication->processRequest()
#4 /home/romina/Documents/Workspace/insightDB/index.php(13): CApplication->run()
#5 {main}
REQUEST_URI=/insightDB/index.php/rest/index
---
2013/10/08 00:04:32 [error] [php] Undefined offset: 1 (/home/romina/Documents/Workspace/insightDB/protected/components/DBDescriptor.php:8)
Stack trace:
#0 /home/romina/yii-1.1.14.f0fee9/framework/web/CController.php(308): CInlineAction->runWithParams()
#1 /home/romina/yii-1.1.14.f0fee9/framework/web/CController.php(286): RestController->runAction()
#2 /home/romina/yii-1.1.14.f0fee9/framework/web/CController.php(265): RestController->runActionWithFilters()
#3 /home/romina/yii-1.1.14.f0fee9/framework/web/CWebApplication.php(282): RestController->run()
#4 /home/romina/yii-1.1.14.f0fee9/framework/web/CWebApplication.php(141): CWebApplication->runController()
#5 /home/romina/yii-1.1.14.f0fee9/framework/base/CApplication.php(180): CWebApplication->processRequest()
#6 /home/romina/Documents/Workspace/insightDB/index.php(15): CWebApplication->run()
REQUEST_URI=/insightDB/index.php/rest/index
in /home/romina/Documents/Workspace/insightDB/protected/components/DBDescriptor.php (8)
in /home/romina/Documents/Workspace/insightDB/protected/controllers/RestController.php (5)
in /home/romina/Documents/Workspace/insightDB/index.php (15)
2013/10/08 00:05:38 [error] [php] Missing argument 1 for DBDescriptor::describeTable(), called in /home/romina/Documents/Workspace/insightDB/protected/components/DBDescriptor.php on line 11 and defined (/home/romina/Documents/Workspace/insightDB/protected/components/DBDescriptor.php:19)
Stack trace:
#0 /home/romina/yii-1.1.14.f0fee9/framework/web/actions/CInlineAction.php(49): RestController->actionIndex()
#1 /home/romina/yii-1.1.14.f0fee9/framework/web/CController.php(308): CInlineAction->runWithParams()
#2 /home/romina/yii-1.1.14.f0fee9/framework/web/CController.php(286): RestController->runAction()
#3 /home/romina/yii-1.1.14.f0fee9/framework/web/CController.php(265): RestController->runActionWithFilters()
#4 /home/romina/yii-1.1.14.f0fee9/framework/web/CWebApplication.php(282): RestController->run()
#5 /home/romina/yii-1.1.14.f0fee9/framework/web/CWebApplication.php(141): CWebApplication->runController()
#6 /home/romina/yii-1.1.14.f0fee9/framework/base/CApplication.php(180): CWebApplication->processRequest()
#7 /home/romina/Documents/Workspace/insightDB/index.php(15): CWebApplication->run()
REQUEST_URI=/insightDB/index.php/rest/index
in /home/romina/Documents/Workspace/insightDB/protected/components/DBDescriptor.php (19)
in /home/romina/Documents/Workspace/insightDB/protected/components/DBDescriptor.php (11)
in /home/romina/Documents/Workspace/insightDB/protected/controllers/RestController.php (5)
2013/10/08 00:05:49 [error] [system.db.CDbCommand] CDbCommand::fetchAll() failed: SQLSTATE[42000]: Syntax error or access violation: 1064 You have an error in your SQL syntax; check the manual that corresponds to your MySQL server version for the right syntax to use near 'group' at line 1. The SQL statement executed was: show create table group.
in /home/romina/Documents/Workspace/insightDB/protected/components/DBDescriptor.php (21)
in /home/romina/Documents/Workspace/insightDB/protected/components/DBDescriptor.php (11)
in /home/romina/Documents/Workspace/insightDB/protected/controllers/RestController.php (5)
2013/10/08 00:05:49 [error] [exception.CDbException] exception 'CDbException' with message 'CDbCommand failed to execute the SQL statement: SQLSTATE[42000]: Syntax error or access violation: 1064 You have an error in your SQL syntax; check the manual that corresponds to your MySQL server version for the right syntax to use near 'group' at line 1. The SQL statement executed was: show create table group' in /home/romina/yii-1.1.14.f0fee9/framework/db/CDbCommand.php:543
Stack trace:
#0 /home/romina/yii-1.1.14.f0fee9/framework/db/CDbCommand.php(396): CDbCommand->queryInternal('fetchAll', Array, Array)
#1 /home/romina/Documents/Workspace/insightDB/protected/components/DBDescriptor.php(21): CDbCommand->queryAll()
#2 /home/romina/Documents/Workspace/insightDB/protected/components/DBDescriptor.php(11): DBDescriptor->describeTable('group')
#3 /home/romina/Documents/Workspace/insightDB/protected/controllers/RestController.php(5): DBDescriptor->describeDatabase()
#4 /home/romina/yii-1.1.14.f0fee9/framework/web/actions/CInlineAction.php(49): RestController->actionIndex()
#5 /home/romina/yii-1.1.14.f0fee9/framework/web/CController.php(308): CInlineAction->runWithParams(Array)
#6 /home/romina/yii-1.1.14.f0fee9/framework/web/CController.php(286): CController->runAction(Object(CInlineAction))
#7 /home/romina/yii-1.1.14.f0fee9/framework/web/CController.php(265): CController->runActionWithFilters(Object(CInlineAction), Array)
#8 /home/romina/yii-1.1.14.f0fee9/framework/web/CWebApplication.php(282): CController->run('index')
#9 /home/romina/yii-1.1.14.f0fee9/framework/web/CWebApplication.php(141): CWebApplication->runController('rest/index')
#10 /home/romina/yii-1.1.14.f0fee9/framework/base/CApplication.php(180): CWebApplication->processRequest()
#11 /home/romina/Documents/Workspace/insightDB/index.php(15): CApplication->run()
#12 {main}
REQUEST_URI=/insightDB/index.php/rest/index
---
2013/10/08 00:06:31 [error] [php] mysqli_escape_string() expects exactly 2 parameters, 1 given (/home/romina/Documents/Workspace/insightDB/protected/components/DBDescriptor.php:11)
Stack trace:
#0 /home/romina/yii-1.1.14.f0fee9/framework/web/actions/CInlineAction.php(49): RestController->actionIndex()
#1 /home/romina/yii-1.1.14.f0fee9/framework/web/CController.php(308): CInlineAction->runWithParams()
#2 /home/romina/yii-1.1.14.f0fee9/framework/web/CController.php(286): RestController->runAction()
#3 /home/romina/yii-1.1.14.f0fee9/framework/web/CController.php(265): RestController->runActionWithFilters()
#4 /home/romina/yii-1.1.14.f0fee9/framework/web/CWebApplication.php(282): RestController->run()
#5 /home/romina/yii-1.1.14.f0fee9/framework/web/CWebApplication.php(141): CWebApplication->runController()
#6 /home/romina/yii-1.1.14.f0fee9/framework/base/CApplication.php(180): CWebApplication->processRequest()
#7 /home/romina/Documents/Workspace/insightDB/index.php(15): CWebApplication->run()
REQUEST_URI=/insightDB/index.php/rest/index
in /home/romina/Documents/Workspace/insightDB/protected/components/DBDescriptor.php (11)
in /home/romina/Documents/Workspace/insightDB/protected/controllers/RestController.php (5)
in /home/romina/Documents/Workspace/insightDB/index.php (15)
2013/10/08 00:07:47 [error] [php] mysqli_escape_string() expects exactly 2 parameters, 1 given (/home/romina/Documents/Workspace/insightDB/protected/components/DBDescriptor.php:11)
Stack trace:
#0 /home/romina/yii-1.1.14.f0fee9/framework/web/actions/CInlineAction.php(49): RestController->actionIndex()
#1 /home/romina/yii-1.1.14.f0fee9/framework/web/CController.php(308): CInlineAction->runWithParams()
#2 /home/romina/yii-1.1.14.f0fee9/framework/web/CController.php(286): RestController->runAction()
#3 /home/romina/yii-1.1.14.f0fee9/framework/web/CController.php(265): RestController->runActionWithFilters()
#4 /home/romina/yii-1.1.14.f0fee9/framework/web/CWebApplication.php(282): RestController->run()
#5 /home/romina/yii-1.1.14.f0fee9/framework/web/CWebApplication.php(141): CWebApplication->runController()
#6 /home/romina/yii-1.1.14.f0fee9/framework/base/CApplication.php(180): CWebApplication->processRequest()
#7 /home/romina/Documents/Workspace/insightDB/index.php(15): CWebApplication->run()
REQUEST_URI=/insightDB/index.php/rest/index
in /home/romina/Documents/Workspace/insightDB/protected/components/DBDescriptor.php (11)
in /home/romina/Documents/Workspace/insightDB/protected/controllers/RestController.php (5)
in /home/romina/Documents/Workspace/insightDB/index.php (15)
2013/10/08 00:07:53 [error] [system.db.CDbCommand] CDbCommand::fetchAll() failed: SQLSTATE[HY093]: Invalid parameter number: no parameters were bound. The SQL statement executed was: show create table :tableName.
in /home/romina/Documents/Workspace/insightDB/protected/components/DBDescriptor.php (21)
in /home/romina/Documents/Workspace/insightDB/protected/components/DBDescriptor.php (11)
in /home/romina/Documents/Workspace/insightDB/protected/controllers/RestController.php (5)
2013/10/08 00:07:53 [error] [exception.CDbException] exception 'CDbException' with message 'CDbCommand failed to execute the SQL statement: SQLSTATE[HY093]: Invalid parameter number: no parameters were bound. The SQL statement executed was: show create table :tableName' in /home/romina/yii-1.1.14.f0fee9/framework/db/CDbCommand.php:543
Stack trace:
#0 /home/romina/yii-1.1.14.f0fee9/framework/db/CDbCommand.php(396): CDbCommand->queryInternal('fetchAll', Array, Array)
#1 /home/romina/Documents/Workspace/insightDB/protected/components/DBDescriptor.php(21): CDbCommand->queryAll()
#2 /home/romina/Documents/Workspace/insightDB/protected/components/DBDescriptor.php(11): DBDescriptor->describeTable('answer')
#3 /home/romina/Documents/Workspace/insightDB/protected/controllers/RestController.php(5): DBDescriptor->describeDatabase()
#4 /home/romina/yii-1.1.14.f0fee9/framework/web/actions/CInlineAction.php(49): RestController->actionIndex()
#5 /home/romina/yii-1.1.14.f0fee9/framework/web/CController.php(308): CInlineAction->runWithParams(Array)
#6 /home/romina/yii-1.1.14.f0fee9/framework/web/CController.php(286): CController->runAction(Object(CInlineAction))
#7 /home/romina/yii-1.1.14.f0fee9/framework/web/CController.php(265): CController->runActionWithFilters(Object(CInlineAction), Array)
#8 /home/romina/yii-1.1.14.f0fee9/framework/web/CWebApplication.php(282): CController->run('index')
#9 /home/romina/yii-1.1.14.f0fee9/framework/web/CWebApplication.php(141): CWebApplication->runController('rest/index')
#10 /home/romina/yii-1.1.14.f0fee9/framework/base/CApplication.php(180): CWebApplication->processRequest()
#11 /home/romina/Documents/Workspace/insightDB/index.php(15): CApplication->run()
#12 {main}
REQUEST_URI=/insightDB/index.php/rest/index
---
2013/10/08 00:08:12 [error] [php] Missing argument 2 for CDbCommand::bindParam(), called in /home/romina/Documents/Workspace/insightDB/protected/components/DBDescriptor.php on line 21 and defined (/home/romina/yii-1.1.14.f0fee9/framework/db/CDbCommand.php:245)
Stack trace:
#0 /home/romina/Documents/Workspace/insightDB/protected/controllers/RestController.php(5): DBDescriptor->describeDatabase()
#1 /home/romina/yii-1.1.14.f0fee9/framework/web/actions/CInlineAction.php(49): RestController->actionIndex()
#2 /home/romina/yii-1.1.14.f0fee9/framework/web/CController.php(308): CInlineAction->runWithParams()
#3 /home/romina/yii-1.1.14.f0fee9/framework/web/CController.php(286): RestController->runAction()
#4 /home/romina/yii-1.1.14.f0fee9/framework/web/CController.php(265): RestController->runActionWithFilters()
#5 /home/romina/yii-1.1.14.f0fee9/framework/web/CWebApplication.php(282): RestController->run()
#6 /home/romina/yii-1.1.14.f0fee9/framework/web/CWebApplication.php(141): CWebApplication->runController()
#7 /home/romina/yii-1.1.14.f0fee9/framework/base/CApplication.php(180): CWebApplication->processRequest()
#8 /home/romina/Documents/Workspace/insightDB/index.php(15): CWebApplication->run()
REQUEST_URI=/insightDB/index.php/rest/index
in /home/romina/Documents/Workspace/insightDB/protected/components/DBDescriptor.php (21)
in /home/romina/Documents/Workspace/insightDB/protected/components/DBDescriptor.php (11)
in /home/romina/Documents/Workspace/insightDB/protected/controllers/RestController.php (5)
2013/10/08 00:08:22 [error] [system.db.CDbCommand] CDbCommand::fetchAll() failed: SQLSTATE[42000]: Syntax error or access violation: 1064 You have an error in your SQL syntax; check the manual that corresponds to your MySQL server version for the right syntax to use near ''answer'' at line 1. The SQL statement executed was: show create table :tableName.
in /home/romina/Documents/Workspace/insightDB/protected/components/DBDescriptor.php (21)
in /home/romina/Documents/Workspace/insightDB/protected/components/DBDescriptor.php (11)
in /home/romina/Documents/Workspace/insightDB/protected/controllers/RestController.php (5)
2013/10/08 00:08:22 [error] [exception.CDbException] exception 'CDbException' with message 'CDbCommand failed to execute the SQL statement: SQLSTATE[42000]: Syntax error or access violation: 1064 You have an error in your SQL syntax; check the manual that corresponds to your MySQL server version for the right syntax to use near ''answer'' at line 1. The SQL statement executed was: show create table :tableName' in /home/romina/yii-1.1.14.f0fee9/framework/db/CDbCommand.php:543
Stack trace:
#0 /home/romina/yii-1.1.14.f0fee9/framework/db/CDbCommand.php(396): CDbCommand->queryInternal('fetchAll', Array, Array)
#1 /home/romina/Documents/Workspace/insightDB/protected/components/DBDescriptor.php(21): CDbCommand->queryAll()
#2 /home/romina/Documents/Workspace/insightDB/protected/components/DBDescriptor.php(11): DBDescriptor->describeTable('answer')
#3 /home/romina/Documents/Workspace/insightDB/protected/controllers/RestController.php(5): DBDescriptor->describeDatabase()
#4 /home/romina/yii-1.1.14.f0fee9/framework/web/actions/CInlineAction.php(49): RestController->actionIndex()
#5 /home/romina/yii-1.1.14.f0fee9/framework/web/CController.php(308): CInlineAction->runWithParams(Array)
#6 /home/romina/yii-1.1.14.f0fee9/framework/web/CController.php(286): CController->runAction(Object(CInlineAction))
#7 /home/romina/yii-1.1.14.f0fee9/framework/web/CController.php(265): CController->runActionWithFilters(Object(CInlineAction), Array)
#8 /home/romina/yii-1.1.14.f0fee9/framework/web/CWebApplication.php(282): CController->run('index')
#9 /home/romina/yii-1.1.14.f0fee9/framework/web/CWebApplication.php(141): CWebApplication->runController('rest/index')
#10 /home/romina/yii-1.1.14.f0fee9/framework/base/CApplication.php(180): CWebApplication->processRequest()
#11 /home/romina/Documents/Workspace/insightDB/index.php(15): CApplication->run()
#12 {main}
REQUEST_URI=/insightDB/index.php/rest/index
---
2013/10/08 00:09:06 [error] [system.db.CDbCommand] CDbCommand::fetchAll() failed: SQLSTATE[42000]: Syntax error or access violation: 1064 You have an error in your SQL syntax; check the manual that corresponds to your MySQL server version for the right syntax to use near ''answer'' at line 1. The SQL statement executed was: show create table :tableName.
in /home/romina/Documents/Workspace/insightDB/protected/components/DBDescriptor.php (21)
in /home/romina/Documents/Workspace/insightDB/protected/components/DBDescriptor.php (11)
in /home/romina/Documents/Workspace/insightDB/protected/controllers/RestController.php (5)
2013/10/08 00:09:06 [error] [exception.CDbException] exception 'CDbException' with message 'CDbCommand failed to execute the SQL statement: SQLSTATE[42000]: Syntax error or access violation: 1064 You have an error in your SQL syntax; check the manual that corresponds to your MySQL server version for the right syntax to use near ''answer'' at line 1. The SQL statement executed was: show create table :tableName' in /home/romina/yii-1.1.14.f0fee9/framework/db/CDbCommand.php:543
Stack trace:
#0 /home/romina/yii-1.1.14.f0fee9/framework/db/CDbCommand.php(396): CDbCommand->queryInternal('fetchAll', Array, Array)
#1 /home/romina/Documents/Workspace/insightDB/protected/components/DBDescriptor.php(21): CDbCommand->queryAll()
#2 /home/romina/Documents/Workspace/insightDB/protected/components/DBDescriptor.php(11): DBDescriptor->describeTable('answer')
#3 /home/romina/Documents/Workspace/insightDB/protected/controllers/RestController.php(5): DBDescriptor->describeDatabase()
#4 /home/romina/yii-1.1.14.f0fee9/framework/web/actions/CInlineAction.php(49): RestController->actionIndex()
#5 /home/romina/yii-1.1.14.f0fee9/framework/web/CController.php(308): CInlineAction->runWithParams(Array)
#6 /home/romina/yii-1.1.14.f0fee9/framework/web/CController.php(286): CController->runAction(Object(CInlineAction))
#7 /home/romina/yii-1.1.14.f0fee9/framework/web/CController.php(265): CController->runActionWithFilters(Object(CInlineAction), Array)
#8 /home/romina/yii-1.1.14.f0fee9/framework/web/CWebApplication.php(282): CController->run('index')
#9 /home/romina/yii-1.1.14.f0fee9/framework/web/CWebApplication.php(141): CWebApplication->runController('rest/index')
#10 /home/romina/yii-1.1.14.f0fee9/framework/base/CApplication.php(180): CWebApplication->processRequest()
#11 /home/romina/Documents/Workspace/insightDB/index.php(15): CApplication->run()
#12 {main}
REQUEST_URI=/insightDB/index.php/rest/index
---
2013/10/08 00:10:05 [error] [system.db.CDbCommand] CDbCommand::fetchAll() failed: SQLSTATE[42000]: Syntax error or access violation: 1064 You have an error in your SQL syntax; check the manual that corresponds to your MySQL server version for the right syntax to use near ''answer'' at line 1. The SQL statement executed was: show create table :tableName;.
in /home/romina/Documents/Workspace/insightDB/protected/components/DBDescriptor.php (21)
in /home/romina/Documents/Workspace/insightDB/protected/components/DBDescriptor.php (11)
in /home/romina/Documents/Workspace/insightDB/protected/controllers/RestController.php (5)
2013/10/08 00:10:05 [error] [exception.CDbException] exception 'CDbException' with message 'CDbCommand failed to execute the SQL statement: SQLSTATE[42000]: Syntax error or access violation: 1064 You have an error in your SQL syntax; check the manual that corresponds to your MySQL server version for the right syntax to use near ''answer'' at line 1. The SQL statement executed was: show create table :tableName;' in /home/romina/yii-1.1.14.f0fee9/framework/db/CDbCommand.php:543
Stack trace:
#0 /home/romina/yii-1.1.14.f0fee9/framework/db/CDbCommand.php(396): CDbCommand->queryInternal('fetchAll', Array, Array)
#1 /home/romina/Documents/Workspace/insightDB/protected/components/DBDescriptor.php(21): CDbCommand->queryAll()
#2 /home/romina/Documents/Workspace/insightDB/protected/components/DBDescriptor.php(11): DBDescriptor->describeTable('answer')
#3 /home/romina/Documents/Workspace/insightDB/protected/controllers/RestController.php(5): DBDescriptor->describeDatabase()
#4 /home/romina/yii-1.1.14.f0fee9/framework/web/actions/CInlineAction.php(49): RestController->actionIndex()
#5 /home/romina/yii-1.1.14.f0fee9/framework/web/CController.php(308): CInlineAction->runWithParams(Array)
#6 /home/romina/yii-1.1.14.f0fee9/framework/web/CController.php(286): CController->runAction(Object(CInlineAction))
#7 /home/romina/yii-1.1.14.f0fee9/framework/web/CController.php(265): CController->runActionWithFilters(Object(CInlineAction), Array)
#8 /home/romina/yii-1.1.14.f0fee9/framework/web/CWebApplication.php(282): CController->run('index')
#9 /home/romina/yii-1.1.14.f0fee9/framework/web/CWebApplication.php(141): CWebApplication->runController('rest/index')
#10 /home/romina/yii-1.1.14.f0fee9/framework/base/CApplication.php(180): CWebApplication->processRequest()
#11 /home/romina/Documents/Workspace/insightDB/index.php(15): CApplication->run()
#12 {main}
REQUEST_URI=/insightDB/index.php/rest/index
---
2013/10/08 00:10:27 [error] [system.db.CDbCommand] CDbCommand::fetchAll() failed: SQLSTATE[42000]: Syntax error or access violation: 1064 You have an error in your SQL syntax; check the manual that corresponds to your MySQL server version for the right syntax to use near ''answer'' at line 1. The SQL statement executed was: show create table :tableName;.
in /home/romina/Documents/Workspace/insightDB/protected/components/DBDescriptor.php (21)
in /home/romina/Documents/Workspace/insightDB/protected/components/DBDescriptor.php (11)
in /home/romina/Documents/Workspace/insightDB/protected/controllers/RestController.php (5)
2013/10/08 00:10:27 [error] [exception.CDbException] exception 'CDbException' with message 'CDbCommand failed to execute the SQL statement: SQLSTATE[42000]: Syntax error or access violation: 1064 You have an error in your SQL syntax; check the manual that corresponds to your MySQL server version for the right syntax to use near ''answer'' at line 1. The SQL statement executed was: show create table :tableName;' in /home/romina/yii-1.1.14.f0fee9/framework/db/CDbCommand.php:543
Stack trace:
#0 /home/romina/yii-1.1.14.f0fee9/framework/db/CDbCommand.php(396): CDbCommand->queryInternal('fetchAll', Array, Array)
#1 /home/romina/Documents/Workspace/insightDB/protected/components/DBDescriptor.php(21): CDbCommand->queryAll()
#2 /home/romina/Documents/Workspace/insightDB/protected/components/DBDescriptor.php(11): DBDescriptor->describeTable('answer')
#3 /home/romina/Documents/Workspace/insightDB/protected/controllers/RestController.php(5): DBDescriptor->describeDatabase()
#4 /home/romina/yii-1.1.14.f0fee9/framework/web/actions/CInlineAction.php(49): RestController->actionIndex()
#5 /home/romina/yii-1.1.14.f0fee9/framework/web/CController.php(308): CInlineAction->runWithParams(Array)
#6 /home/romina/yii-1.1.14.f0fee9/framework/web/CController.php(286): CController->runAction(Object(CInlineAction))
#7 /home/romina/yii-1.1.14.f0fee9/framework/web/CController.php(265): CController->runActionWithFilters(Object(CInlineAction), Array)
#8 /home/romina/yii-1.1.14.f0fee9/framework/web/CWebApplication.php(282): CController->run('index')
#9 /home/romina/yii-1.1.14.f0fee9/framework/web/CWebApplication.php(141): CWebApplication->runController('rest/index')
#10 /home/romina/yii-1.1.14.f0fee9/framework/base/CApplication.php(180): CWebApplication->processRequest()
#11 /home/romina/Documents/Workspace/insightDB/index.php(15): CApplication->run()
#12 {main}
REQUEST_URI=/insightDB/index.php/rest/index
---
2013/10/08 00:13:55 [error] [system.db.CDbCommand] CDbCommand::fetchAll() failed: SQLSTATE[42000]: Syntax error or access violation: 1064 You have an error in your SQL syntax; check the manual that corresponds to your MySQL server version for the right syntax to use near ''answer'' at line 1. The SQL statement executed was: show create table :tableName;.
in /home/romina/Documents/Workspace/insightDB/protected/components/DBDescriptor.php (21)
in /home/romina/Documents/Workspace/insightDB/protected/components/DBDescriptor.php (11)
in /home/romina/Documents/Workspace/insightDB/protected/controllers/RestController.php (5)
2013/10/08 00:13:55 [error] [exception.CDbException] exception 'CDbException' with message 'CDbCommand failed to execute the SQL statement: SQLSTATE[42000]: Syntax error or access violation: 1064 You have an error in your SQL syntax; check the manual that corresponds to your MySQL server version for the right syntax to use near ''answer'' at line 1. The SQL statement executed was: show create table :tableName;' in /home/romina/yii-1.1.14.f0fee9/framework/db/CDbCommand.php:543
Stack trace:
#0 /home/romina/yii-1.1.14.f0fee9/framework/db/CDbCommand.php(396): CDbCommand->queryInternal('fetchAll', Array, Array)
#1 /home/romina/Documents/Workspace/insightDB/protected/components/DBDescriptor.php(21): CDbCommand->queryAll()
#2 /home/romina/Documents/Workspace/insightDB/protected/components/DBDescriptor.php(11): DBDescriptor->describeTable('answer')
#3 /home/romina/Documents/Workspace/insightDB/protected/controllers/RestController.php(5): DBDescriptor->describeDatabase()
#4 /home/romina/yii-1.1.14.f0fee9/framework/web/actions/CInlineAction.php(49): RestController->actionIndex()
#5 /home/romina/yii-1.1.14.f0fee9/framework/web/CController.php(308): CInlineAction->runWithParams(Array)
#6 /home/romina/yii-1.1.14.f0fee9/framework/web/CController.php(286): CController->runAction(Object(CInlineAction))
#7 /home/romina/yii-1.1.14.f0fee9/framework/web/CController.php(265): CController->runActionWithFilters(Object(CInlineAction), Array)
#8 /home/romina/yii-1.1.14.f0fee9/framework/web/CWebApplication.php(282): CController->run('index')
#9 /home/romina/yii-1.1.14.f0fee9/framework/web/CWebApplication.php(141): CWebApplication->runController('rest/index')
#10 /home/romina/yii-1.1.14.f0fee9/framework/base/CApplication.php(180): CWebApplication->processRequest()
#11 /home/romina/Documents/Workspace/insightDB/index.php(15): CApplication->run()
#12 {main}
REQUEST_URI=/insightDB/index.php/rest/index
---
2013/10/08 00:14:02 [error] [system.db.CDbCommand] CDbCommand::fetchAll() failed: SQLSTATE[42000]: Syntax error or access violation: 1064 You have an error in your SQL syntax; check the manual that corresponds to your MySQL server version for the right syntax to use near ''answer'' at line 1. The SQL statement executed was: show create table :tableName;.
in /home/romina/Documents/Workspace/insightDB/protected/components/DBDescriptor.php (21)
in /home/romina/Documents/Workspace/insightDB/protected/components/DBDescriptor.php (11)
in /home/romina/Documents/Workspace/insightDB/protected/controllers/RestController.php (5)
2013/10/08 00:14:02 [error] [exception.CDbException] exception 'CDbException' with message 'CDbCommand failed to execute the SQL statement: SQLSTATE[42000]: Syntax error or access violation: 1064 You have an error in your SQL syntax; check the manual that corresponds to your MySQL server version for the right syntax to use near ''answer'' at line 1. The SQL statement executed was: show create table :tableName;' in /home/romina/yii-1.1.14.f0fee9/framework/db/CDbCommand.php:543
Stack trace:
#0 /home/romina/yii-1.1.14.f0fee9/framework/db/CDbCommand.php(396): CDbCommand->queryInternal('fetchAll', Array, Array)
#1 /home/romina/Documents/Workspace/insightDB/protected/components/DBDescriptor.php(21): CDbCommand->queryAll()
#2 /home/romina/Documents/Workspace/insightDB/protected/components/DBDescriptor.php(11): DBDescriptor->describeTable('answer')
#3 /home/romina/Documents/Workspace/insightDB/protected/controllers/RestController.php(5): DBDescriptor->describeDatabase()
#4 /home/romina/yii-1.1.14.f0fee9/framework/web/actions/CInlineAction.php(49): RestController->actionIndex()
#5 /home/romina/yii-1.1.14.f0fee9/framework/web/CController.php(308): CInlineAction->runWithParams(Array)
#6 /home/romina/yii-1.1.14.f0fee9/framework/web/CController.php(286): CController->runAction(Object(CInlineAction))
#7 /home/romina/yii-1.1.14.f0fee9/framework/web/CController.php(265): CController->runActionWithFilters(Object(CInlineAction), Array)
#8 /home/romina/yii-1.1.14.f0fee9/framework/web/CWebApplication.php(282): CController->run('index')
#9 /home/romina/yii-1.1.14.f0fee9/framework/web/CWebApplication.php(141): CWebApplication->runController('rest/index')
#10 /home/romina/yii-1.1.14.f0fee9/framework/base/CApplication.php(180): CWebApplication->processRequest()
#11 /home/romina/Documents/Workspace/insightDB/index.php(15): CApplication->run()
#12 {main}
REQUEST_URI=/insightDB/index.php/rest/index
---
